#
# There is insufficient memory for the Java Runtime Environment to continue.
# Native memory allocation (malloc) failed to allocate 1722896 bytes for Chunk::new
# Possible reasons:
#   The system is out of physical RAM or swap space
#   In 32 bit mode, the process size limit was hit
# Possible solutions:
#   Reduce memory load on the system
#   Increase physical memory or swap space
#   Check if swap backing store is full
#   Use 64 bit Java on a 64 bit OS
#   Decrease Java heap size (-Xmx/-Xms)
#   Decrease number of Java threads
#   Decrease Java thread stack sizes (-Xss)
#   Set larger code cache with -XX:ReservedCodeCacheSize=
# This output file may be truncated or incomplete.
#
#  Out of Memory Error (allocation.cpp:390), pid=23796, tid=24000
#
# JRE version: Java(TM) SE Runtime Environment (8.0_65-b17) (build 1.8.0_65-b17)
# Java VM: Java HotSpot(TM) 64-Bit Server VM (25.65-b01 mixed mode windows-amd64 compressed oops)
# Failed to write core dump. Minidumps are not enabled by default on client versions of Windows
#

---------------  T H R E A D  ---------------

Current thread (0x00000000570df800):  JavaThread "C2 CompilerThread0" daemon [_thread_in_native, id=24000, stack(0x0000000058e20000,0x0000000058f20000)]

Stack: [0x0000000058e20000,0x0000000058f20000]
[error occurred during error reporting (printing stack bounds), id 0xc0000005]

Native frames: (J=compiled Java code, j=interpreted, Vv=VM code, C=native code)


Current CompileTask:
C2:  22982 9257       4       java.io.ObjectInputStream::readClassDesc (105 bytes)


---------------  P R O C E S S  ---------------

Java Threads: ( => current thread )
  0x000000005a0ea800 JavaThread "threadDeathWatcher-2-1" daemon [_thread_blocked, id=26484, stack(0x000000006a2d0000,0x000000006a3d0000)]
  0x000000006290e000 JavaThread "cluster1-timeouter-0" [_thread_blocked, id=25204, stack(0x0000000069b50000,0x0000000069c50000)]
  0x000000006290d800 JavaThread "cluster1-nio-worker-0" [_thread_in_native, id=25784, stack(0x0000000069cb0000,0x0000000069db0000)]
  0x000000006290c800 JavaThread "cluster1-scheduled-task-worker-0" [_thread_blocked, id=23668, stack(0x0000000067fc0000,0x00000000680c0000)]
  0x000000006290c000 JavaThread "cluster1-connection-reaper-0" [_thread_blocked, id=26200, stack(0x0000000067d70000,0x0000000067e70000)]
  0x000000006290b000 JavaThread "metrics-meter-tick-thread-1" daemon [_thread_blocked, id=21264, stack(0x0000000067470000,0x0000000067570000)]
  0x000000006290a800 JavaThread "BoneCP-pool-watch-thread" daemon [_thread_blocked, id=26092, stack(0x0000000067eb0000,0x0000000067fb0000)]
  0x0000000062909800 JavaThread "BoneCP-keep-alive-scheduler" daemon [_thread_blocked, id=17376, stack(0x0000000065cd0000,0x0000000065dd0000)]
  0x0000000062909000 JavaThread "com.google.common.base.internal.Finalizer" daemon [_thread_blocked, id=12484, stack(0x0000000067c30000,0x0000000067d30000)]
  0x0000000062908000 JavaThread "BoneCP-pool-watch-thread" daemon [_thread_blocked, id=18712, stack(0x0000000067730000,0x0000000067830000)]
  0x0000000062907800 JavaThread "BoneCP-keep-alive-scheduler" daemon [_thread_blocked, id=25404, stack(0x0000000065920000,0x0000000065a20000)]
  0x00000000625e4800 JavaThread "com.google.common.base.internal.Finalizer" daemon [_thread_blocked, id=20728, stack(0x0000000067570000,0x0000000067670000)]
  0x00000000625e4000 JavaThread "derby.rawStoreDaemon" daemon [_thread_blocked, id=21624, stack(0x0000000067330000,0x0000000067430000)]
  0x00000000625e3000 JavaThread "Timer-2" daemon [_thread_blocked, id=22452, stack(0x00000000668f0000,0x00000000669f0000)]
  0x00000000625e1800 JavaThread "BoneCP-pool-watch-thread" daemon [_thread_blocked, id=8976, stack(0x0000000065dd0000,0x0000000065ed0000)]
  0x00000000625e1000 JavaThread "BoneCP-keep-alive-scheduler" daemon [_thread_blocked, id=13588, stack(0x0000000065b90000,0x0000000065c90000)]
  0x00000000625e0000 JavaThread "com.google.common.base.internal.Finalizer" daemon [_thread_blocked, id=25736, stack(0x0000000065a20000,0x0000000065b20000)]
  0x00000000625df800 JavaThread "BoneCP-pool-watch-thread" daemon [_thread_blocked, id=22264, stack(0x00000000655d0000,0x00000000656d0000)]
  0x00000000625de800 JavaThread "BoneCP-keep-alive-scheduler" daemon [_thread_blocked, id=23420, stack(0x000000005f100000,0x000000005f200000)]
  0x00000000625de000 JavaThread "com.google.common.base.internal.Finalizer" daemon [_thread_blocked, id=26156, stack(0x0000000065040000,0x0000000065140000)]
  0x000000005b610800 JavaThread "derby.rawStoreDaemon" daemon [_thread_blocked, id=14836, stack(0x0000000061d30000,0x0000000061e30000)]
  0x000000005b610000 JavaThread "Timer-1" daemon [_thread_blocked, id=24352, stack(0x0000000064c80000,0x0000000064d80000)]
  0x000000005b60f000 JavaThread "Abandoned connection cleanup thread" daemon [_thread_blocked, id=18928, stack(0x0000000064b00000,0x0000000064c00000)]
  0x000000005b60e800 JavaThread "SparkListenerBus" daemon [_thread_blocked, id=21528, stack(0x00000000607d0000,0x00000000608d0000)]
  0x000000005b60d800 JavaThread "context-cleaner-periodic-gc" daemon [_thread_blocked, id=12660, stack(0x00000000606d0000,0x00000000607d0000)]
  0x000000005b60d000 JavaThread "Spark Context Cleaner" daemon [_thread_blocked, id=21816, stack(0x0000000060500000,0x0000000060600000)]
  0x000000005b60c000 JavaThread "shuffle-server-0" daemon [_thread_in_native, id=19248, stack(0x0000000060130000,0x0000000060230000)]
  0x000000005b60b800 JavaThread "driver-heartbeater" daemon [_thread_blocked, id=22592, stack(0x000000005fff0000,0x00000000600f0000)]
  0x000000005b60a800 JavaThread "dag-scheduler-event-loop" daemon [_thread_blocked, id=23772, stack(0x000000005feb0000,0x000000005ffb0000)]
  0x000000005b60a000 JavaThread "Timer-0" daemon [_thread_blocked, id=15992, stack(0x000000005fd50000,0x000000005fe50000)]
  0x000000005b80c000 JavaThread "netty-rpc-env-timeout" daemon [_thread_blocked, id=19188, stack(0x000000005fbf0000,0x000000005fcf0000)]
  0x000000005b80b800 JavaThread "heartbeat-receiver-event-loop-thread" daemon [_thread_blocked, id=23904, stack(0x000000005fa40000,0x000000005fb40000)]
  0x000000005b80a800 JavaThread "qtp1909398279-51" daemon [_thread_blocked, id=24988, stack(0x000000005ed40000,0x000000005ee40000)]
  0x000000005b80a000 JavaThread "qtp1909398279-50" daemon [_thread_blocked, id=23896, stack(0x000000005f6b0000,0x000000005f7b0000)]
  0x000000005b809000 JavaThread "qtp1909398279-49" daemon [_thread_blocked, id=18144, stack(0x000000005f570000,0x000000005f670000)]
  0x000000005b808800 JavaThread "qtp1909398279-48" daemon [_thread_blocked, id=7312, stack(0x000000005f400000,0x000000005f500000)]
  0x000000005b807800 JavaThread "qtp1909398279-47" daemon [_thread_blocked, id=19256, stack(0x000000005f220000,0x000000005f320000)]
  0x000000005b807000 JavaThread "qtp1909398279-46" daemon [_thread_blocked, id=20396, stack(0x000000005efb0000,0x000000005f0b0000)]
  0x000000005b806000 JavaThread "qtp1909398279-45 Acceptor0 SelectChannelConnector@0.0.0.0:4040" daemon [_thread_in_native, id=26592, stack(0x000000005ee40000,0x000000005ef40000)]
  0x000000005b805800 JavaThread "qtp1909398279-44 Selector0" daemon [_thread_in_native, id=25964, stack(0x000000005ebe0000,0x000000005ece0000)]
  0x000000005b54b000 JavaThread "SPARK_CONTEXT cleanup timer" daemon [_thread_blocked, id=24640, stack(0x0000000059030000,0x0000000059130000)]
  0x000000005b54a000 JavaThread "BROADCAST_VARS cleanup timer" daemon [_thread_blocked, id=24824, stack(0x000000005e850000,0x000000005e950000)]
  0x000000005b549800 JavaThread "BLOCK_MANAGER cleanup timer" daemon [_thread_blocked, id=1156, stack(0x000000005e710000,0x000000005e810000)]
  0x000000005b548800 JavaThread "MAP_OUTPUT_TRACKER cleanup timer" daemon [_thread_blocked, id=23920, stack(0x000000005e560000,0x000000005e660000)]
  0x000000005b548000 JavaThread "New I/O server boss #6" daemon [_thread_in_native, id=18616, stack(0x000000005e410000,0x000000005e510000)]
  0x000000005b547000 JavaThread "New I/O worker #5" daemon [_thread_in_native, id=26340, stack(0x000000005e2f0000,0x000000005e3f0000)]
  0x000000005b546800 JavaThread "New I/O worker #4" daemon [_thread_in_native, id=26008, stack(0x000000005e0b0000,0x000000005e1b0000)]
  0x000000005b545800 JavaThread "New I/O boss #3" daemon [_thread_in_native, id=24636, stack(0x000000005e1e0000,0x000000005e2e0000)]
  0x000000005b545000 JavaThread "New I/O worker #2" daemon [_thread_in_native, id=21392, stack(0x000000005df40000,0x000000005e040000)]
  0x000000005b544000 JavaThread "New I/O worker #1" daemon [_thread_in_native, id=22040, stack(0x000000005d9a0000,0x000000005daa0000)]
  0x000000005b3d7000 JavaThread "sparkDriverActorSystem-akka.remote.default-remote-dispatcher-6" daemon [_thread_blocked, id=23816, stack(0x000000005dba0000,0x000000005dca0000)]
  0x000000005abf7800 JavaThread "sparkDriverActorSystem-akka.remote.default-remote-dispatcher-5" daemon [_thread_blocked, id=24108, stack(0x000000005c590000,0x000000005c690000)]
  0x000000005abeb000 JavaThread "sparkDriverActorSystem-akka.actor.default-dispatcher-4" daemon [_thread_blocked, id=23680, stack(0x000000005daa0000,0x000000005dba0000)]
  0x000000005abe2000 JavaThread "sparkDriverActorSystem-akka.actor.default-dispatcher-3" daemon [_thread_blocked, id=21292, stack(0x000000005d890000,0x000000005d990000)]
  0x000000005b41b000 JavaThread "sparkDriverActorSystem-scheduler-1" daemon [_thread_blocked, id=19996, stack(0x000000005d440000,0x000000005d540000)]
  0x000000005aa2e000 JavaThread "shuffle-server-0" daemon [_thread_in_native, id=23276, stack(0x000000005d310000,0x000000005d410000)]
  0x000000005aa2d000 JavaThread "dispatcher-event-loop-3" daemon [_thread_blocked, id=14872, stack(0x000000005cf30000,0x000000005d030000)]
  0x000000005ac2e000 JavaThread "dispatcher-event-loop-2" daemon [_thread_blocked, id=24020, stack(0x000000005cdb0000,0x000000005ceb0000)]
  0x000000005ac2d800 JavaThread "dispatcher-event-loop-1" daemon [_thread_blocked, id=20260, stack(0x000000005cbd0000,0x000000005ccd0000)]
  0x000000005aa49800 JavaThread "dispatcher-event-loop-0" daemon [_thread_blocked, id=25096, stack(0x000000005ca30000,0x000000005cb30000)]
  0x00000000585c9000 JavaThread "Service Thread" daemon [_thread_blocked, id=25360, stack(0x0000000059210000,0x0000000059310000)]
  0x00000000570e7000 JavaThread "C1 CompilerThread2" daemon [_thread_in_native, id=20524, stack(0x0000000058f30000,0x0000000059030000)]
  0x00000000570e5000 JavaThread "C2 CompilerThread1" daemon [_thread_blocked, id=25044, stack(0x0000000058b90000,0x0000000058c90000)]
=>0x00000000570df800 JavaThread "C2 CompilerThread0" daemon [_thread_in_native, id=24000, stack(0x0000000058e20000,0x0000000058f20000)]
  0x00000000570f0800 JavaThread "Attach Listener" daemon [_thread_blocked, id=25436, stack(0x0000000058c90000,0x0000000058d90000)]
  0x00000000570ef000 JavaThread "Signal Dispatcher" daemon [_thread_blocked, id=18120, stack(0x00000000589c0000,0x0000000058ac0000)]
  0x0000000056fb5000 JavaThread "Finalizer" daemon [_thread_blocked, id=23380, stack(0x0000000058440000,0x0000000058540000)]
  0x0000000056fae000 JavaThread "Reference Handler" daemon [_thread_blocked, id=24680, stack(0x0000000058280000,0x0000000058380000)]
  0x0000000001e41000 JavaThread "main" [_thread_in_native, id=22760, stack(0x00000000021f0000,0x00000000022f0000)]

Other Threads:
  0x00000000570d0800 VMThread [stack: 0x0000000058120000,0x0000000058220000] [id=9524]
  0x0000000058654800 WatcherThread [stack: 0x00000000593b0000,0x00000000594b0000] [id=21116]

VM state:not at safepoint (normal execution)

VM Mutex/Monitor currently owned by a thread: None

Heap:
 PSYoungGen      total 249856K, used 22140K [0x00000000d6e00000, 0x00000000ea080000, 0x0000000100000000)
  eden space 226816K, 9% used [0x00000000d6e00000,0x00000000d839f0f0,0x00000000e4b80000)
  from space 23040K, 0% used [0x00000000e4b80000,0x00000000e4b80000,0x00000000e6200000)
  to   space 24064K, 0% used [0x00000000e8900000,0x00000000e8900000,0x00000000ea080000)
 ParOldGen       total 197120K, used 35750K [0x0000000084a00000, 0x0000000090a80000, 0x00000000d6e00000)
  object space 197120K, 18% used [0x0000000084a00000,0x0000000086ce9ae0,0x0000000090a80000)
 Metaspace       used 94480K, capacity 96644K, committed 99624K, reserved 1134592K
  class space    used 11889K, capacity 13218K, committed 15152K, reserved 1048576K

Card table byte_map: [0x0000000011980000,0x0000000011d60000] byte_map_base: 0x000000001155b000

Marking Bits: (ParMarkBitMap*) 0x000000006ff9a5b0
 Begin Bits: [0x0000000012570000, 0x0000000014448000)
 End Bits:   [0x0000000014448000, 0x0000000016320000)

Polling page: 0x0000000000090000

CodeCache: size=245760Kb used=24409Kb max_used=24688Kb free=221350Kb
 bounds [0x00000000025c0000, 0x0000000003e10000, 0x00000000115c0000]
 total_blobs=8677 nmethods=7919 adapters=666
 compilation: enabled

Compilation events (10 events):
Event: 22.972 Thread 0x00000000570e7000 9298       3       java.nio.charset.CharsetDecoder::<init> (10 bytes)
Event: 22.972 Thread 0x00000000570e7000 nmethod 9298 0x0000000003901550 code [0x00000000039016c0, 0x0000000003901848]
Event: 22.972 Thread 0x00000000570e7000 9299       3       java.nio.charset.CharsetDecoder::<init> (108 bytes)
Event: 22.973 Thread 0x00000000570e7000 nmethod 9299 0x00000000028ce910 code [0x00000000028ceae0, 0x00000000028cf1a8]
Event: 22.973 Thread 0x00000000570e7000 9300       3       java.nio.charset.CharsetDecoder::replaceWith (68 bytes)
Event: 22.974 Thread 0x00000000570e7000 nmethod 9300 0x00000000038c1510 code [0x00000000038c16e0, 0x00000000038c1cf8]
Event: 22.974 Thread 0x00000000570e7000 9301       3       java.nio.HeapByteBuffer::getInt (18 bytes)
Event: 22.974 Thread 0x00000000570e7000 nmethod 9301 0x000000000326bcd0 code [0x000000000326bee0, 0x000000000326c808]
Event: 22.974 Thread 0x00000000570e7000 9302       3       com.datastax.driver.core.utils.Bytes::getArray (67 bytes)
Event: 22.975 Thread 0x00000000570e7000 nmethod 9302 0x00000000031727d0 code [0x0000000003172a60, 0x0000000003173d88]

GC Heap History (10 events):
Event: 17.519 GC heap before
{Heap before GC invocations=13 (full 3):
 PSYoungGen      total 193536K, used 182828K [0x00000000d6e00000, 0x00000000e5580000, 0x0000000100000000)
  eden space 176640K, 100% used [0x00000000d6e00000,0x00000000e1a80000,0x00000000e1a80000)
  from space 16896K, 36% used [0x00000000e1a80000,0x00000000e208b260,0x00000000e2b00000)
  to   space 16896K, 0% used [0x00000000e4500000,0x00000000e4500000,0x00000000e5580000)
 ParOldGen       total 139776K, used 24081K [0x0000000084a00000, 0x000000008d280000, 0x00000000d6e00000)
  object space 139776K, 17% used [0x0000000084a00000,0x0000000086184460,0x000000008d280000)
 Metaspace       used 74092K, capacity 77192K, committed 77352K, reserved 1114112K
  class space    used 9405K, capacity 11970K, committed 12080K, reserved 1048576K
Event: 17.533 GC heap after
Heap after GC invocations=13 (full 3):
 PSYoungGen      total 216576K, used 16880K [0x00000000d6e00000, 0x00000000e5700000, 0x0000000100000000)
  eden space 199680K, 0% used [0x00000000d6e00000,0x00000000d6e00000,0x00000000e3100000)
  from space 16896K, 99% used [0x00000000e4500000,0x00000000e557c148,0x00000000e5580000)
  to   space 19456K, 0% used [0x00000000e3100000,0x00000000e3100000,0x00000000e4400000)
 ParOldGen       total 139776K, used 24870K [0x0000000084a00000, 0x000000008d280000, 0x00000000d6e00000)
  object space 139776K, 17% used [0x0000000084a00000,0x0000000086249990,0x000000008d280000)
 Metaspace       used 74092K, capacity 77192K, committed 77352K, reserved 1114112K
  class space    used 9405K, capacity 11970K, committed 12080K, reserved 1048576K
}
Event: 19.139 GC heap before
{Heap before GC invocations=14 (full 3):
 PSYoungGen      total 216576K, used 216560K [0x00000000d6e00000, 0x00000000e5700000, 0x0000000100000000)
  eden space 199680K, 100% used [0x00000000d6e00000,0x00000000e3100000,0x00000000e3100000)
  from space 16896K, 99% used [0x00000000e4500000,0x00000000e557c148,0x00000000e5580000)
  to   space 19456K, 0% used [0x00000000e3100000,0x00000000e3100000,0x00000000e4400000)
 ParOldGen       total 139776K, used 24870K [0x0000000084a00000, 0x000000008d280000, 0x00000000d6e00000)
  object space 139776K, 17% used [0x0000000084a00000,0x0000000086249990,0x000000008d280000)
 Metaspace       used 83188K, capacity 86368K, committed 86696K, reserved 1122304K
  class space    used 10485K, capacity 13137K, committed 13232K, reserved 1048576K
Event: 19.153 GC heap after
Heap after GC invocations=14 (full 3):
 PSYoungGen      total 219136K, used 17631K [0x00000000d6e00000, 0x00000000e7700000, 0x0000000100000000)
  eden space 199680K, 0% used [0x00000000d6e00000,0x00000000d6e00000,0x00000000e3100000)
  from space 19456K, 90% used [0x00000000e3100000,0x00000000e4237e88,0x00000000e4400000)
  to   space 21504K, 0% used [0x00000000e6200000,0x00000000e6200000,0x00000000e7700000)
 ParOldGen       total 139776K, used 24878K [0x0000000084a00000, 0x000000008d280000, 0x00000000d6e00000)
  object space 139776K, 17% used [0x0000000084a00000,0x000000008624b990,0x000000008d280000)
 Metaspace       used 83188K, capacity 86368K, committed 86696K, reserved 1122304K
  class space    used 10485K, capacity 13137K, committed 13232K, reserved 1048576K
}
Event: 21.289 GC heap before
{Heap before GC invocations=15 (full 3):
 PSYoungGen      total 219136K, used 217311K [0x00000000d6e00000, 0x00000000e7700000, 0x0000000100000000)
  eden space 199680K, 100% used [0x00000000d6e00000,0x00000000e3100000,0x00000000e3100000)
  from space 19456K, 90% used [0x00000000e3100000,0x00000000e4237e88,0x00000000e4400000)
  to   space 21504K, 0% used [0x00000000e6200000,0x00000000e6200000,0x00000000e7700000)
 ParOldGen       total 139776K, used 24878K [0x0000000084a00000, 0x000000008d280000, 0x00000000d6e00000)
  object space 139776K, 17% used [0x0000000084a00000,0x000000008624b990,0x000000008d280000)
 Metaspace       used 89057K, capacity 93064K, committed 93352K, reserved 1128448K
  class space    used 11078K, capacity 14160K, committed 14256K, reserved 1048576K
Event: 21.306 GC heap after
Heap after GC invocations=15 (full 3):
 PSYoungGen      total 248320K, used 17200K [0x00000000d6e00000, 0x00000000e7a00000, 0x0000000100000000)
  eden space 226816K, 0% used [0x00000000d6e00000,0x00000000d6e00000,0x00000000e4b80000)
  from space 21504K, 79% used [0x00000000e6200000,0x00000000e72cc290,0x00000000e7700000)
  to   space 23040K, 0% used [0x00000000e4b80000,0x00000000e4b80000,0x00000000e6200000)
 ParOldGen       total 139776K, used 24886K [0x0000000084a00000, 0x000000008d280000, 0x00000000d6e00000)
  object space 139776K, 17% used [0x0000000084a00000,0x000000008624d990,0x000000008d280000)
 Metaspace       used 89057K, capacity 93064K, committed 93352K, reserved 1128448K
  class space    used 11078K, capacity 14160K, committed 14256K, reserved 1048576K
}
Event: 22.625 GC heap before
{Heap before GC invocations=16 (full 3):
 PSYoungGen      total 248320K, used 107877K [0x00000000d6e00000, 0x00000000e7a00000, 0x0000000100000000)
  eden space 226816K, 39% used [0x00000000d6e00000,0x00000000dc68d188,0x00000000e4b80000)
  from space 21504K, 79% used [0x00000000e6200000,0x00000000e72cc290,0x00000000e7700000)
  to   space 23040K, 0% used [0x00000000e4b80000,0x00000000e4b80000,0x00000000e6200000)
 ParOldGen       total 139776K, used 24886K [0x0000000084a00000, 0x000000008d280000, 0x00000000d6e00000)
  object space 139776K, 17% used [0x0000000084a00000,0x000000008624d990,0x000000008d280000)
 Metaspace       used 94443K, capacity 98428K, committed 98600K, reserved 1132544K
  class space    used 11960K, capacity 15066K, committed 15152K, reserved 1048576K
Event: 22.645 GC heap after
Heap after GC invocations=16 (full 3):
 PSYoungGen      total 249856K, used 17647K [0x00000000d6e00000, 0x00000000ea080000, 0x0000000100000000)
  eden space 226816K, 0% used [0x00000000d6e00000,0x00000000d6e00000,0x00000000e4b80000)
  from space 23040K, 76% used [0x00000000e4b80000,0x00000000e5cbbef8,0x00000000e6200000)
  to   space 24064K, 0% used [0x00000000e8900000,0x00000000e8900000,0x00000000ea080000)
 ParOldGen       total 139776K, used 24894K [0x0000000084a00000, 0x000000008d280000, 0x00000000d6e00000)
  object space 139776K, 17% used [0x0000000084a00000,0x000000008624f990,0x000000008d280000)
 Metaspace       used 94443K, capacity 98428K, committed 98600K, reserved 1132544K
  class space    used 11960K, capacity 15066K, committed 15152K, reserved 1048576K
}
Event: 22.645 GC heap before
{Heap before GC invocations=17 (full 4):
 PSYoungGen      total 249856K, used 17647K [0x00000000d6e00000, 0x00000000ea080000, 0x0000000100000000)
  eden space 226816K, 0% used [0x00000000d6e00000,0x00000000d6e00000,0x00000000e4b80000)
  from space 23040K, 76% used [0x00000000e4b80000,0x00000000e5cbbef8,0x00000000e6200000)
  to   space 24064K, 0% used [0x00000000e8900000,0x00000000e8900000,0x00000000ea080000)
 ParOldGen       total 139776K, used 24894K [0x0000000084a00000, 0x000000008d280000, 0x00000000d6e00000)
  object space 139776K, 17% used [0x0000000084a00000,0x000000008624f990,0x000000008d280000)
 Metaspace       used 94443K, capacity 98428K, committed 98600K, reserved 1132544K
  class space    used 11960K, capacity 15066K, committed 15152K, reserved 1048576K
Event: 22.774 GC heap after
Heap after GC invocations=17 (full 4):
 PSYoungGen      total 249856K, used 0K [0x00000000d6e00000, 0x00000000ea080000, 0x0000000100000000)
  eden space 226816K, 0% used [0x00000000d6e00000,0x00000000d6e00000,0x00000000e4b80000)
  from space 23040K, 0% used [0x00000000e4b80000,0x00000000e4b80000,0x00000000e6200000)
  to   space 24064K, 0% used [0x00000000e8900000,0x00000000e8900000,0x00000000ea080000)
 ParOldGen       total 197120K, used 35750K [0x0000000084a00000, 0x0000000090a80000, 0x00000000d6e00000)
  object space 197120K, 18% used [0x0000000084a00000,0x0000000086ce9ae0,0x0000000090a80000)
 Metaspace       used 93355K, capacity 95492K, committed 98600K, reserved 1132544K
  class space    used 11717K, capacity 13026K, committed 15152K, reserved 1048576K
}

Deoptimization events (10 events):
Event: 22.415 Thread 0x0000000001e41000 Uncommon trap: reason=class_check action=maybe_recompile pc=0x0000000003806a50 method=sun.misc.Resource.cachedInputStream()Ljava/io/InputStream; @ 9
Event: 22.416 Thread 0x0000000001e41000 Uncommon trap: reason=class_check action=maybe_recompile pc=0x000000000380b378 method=sun.misc.Resource.getBytes()[B @ 10
Event: 22.550 Thread 0x0000000001e41000 Uncommon trap: reason=bimorphic action=maybe_recompile pc=0x0000000003a5d4c0 method=java.io.ObjectInputStream$PeekInputStream.peek()I @ 19
Event: 22.550 Thread 0x0000000001e41000 Uncommon trap: reason=unstable_if action=reinterpret pc=0x00000000027ba7f0 method=java.io.ObjectInputStream$HandleTable.markDependency(II)V @ 7
Event: 22.559 Thread 0x0000000001e41000 Uncommon trap: reason=bimorphic action=maybe_recompile pc=0x0000000003a88074 method=java.io.ObjectInputStream$PeekInputStream.peek()I @ 19
Event: 22.559 Thread 0x0000000001e41000 Uncommon trap: reason=bimorphic action=maybe_recompile pc=0x0000000003a5d4c0 method=java.io.ObjectInputStream$PeekInputStream.peek()I @ 19
Event: 22.559 Thread 0x0000000001e41000 Uncommon trap: reason=bimorphic action=maybe_recompile pc=0x0000000003a5d4c0 method=java.io.ObjectInputStream$PeekInputStream.peek()I @ 19
Event: 22.559 Thread 0x0000000001e41000 Uncommon trap: reason=bimorphic action=maybe_recompile pc=0x0000000003a88074 method=java.io.ObjectInputStream$PeekInputStream.peek()I @ 19
Event: 22.822 Thread 0x0000000001e41000 Uncommon trap: reason=unstable_if action=reinterpret pc=0x00000000037c3f50 method=java.util.concurrent.ConcurrentHashMap.addCount(JI)V @ 34
Event: 22.964 Thread 0x0000000001e41000 Uncommon trap: reason=class_check action=maybe_recompile pc=0x00000000030af448 method=com.google.common.base.Equivalence$Equals.doHash(Ljava/lang/Object;)I @ 1

Internal exceptions (10 events):
Event: 17.119 Thread 0x0000000001e41000 Exception <a 'java/lang/ClassNotFoundException': org/apache/hadoop/hive/ql/exec/TaskCustomizer> (0x00000000df1552e8) thrown at [C:\workspace\8-2-build-windows-amd64-cygwin\jdk8u65\4987\hotspot\src\share\vm\classfile\systemDictionary.cpp, line 210]
Event: 18.495 Thread 0x0000000001e41000 Implicit null exception at 0x00000000037444b7 to 0x00000000037464f1
Event: 19.508 Thread 0x0000000001e41000 Exception <a 'java/lang/NoSuchMethodError': <clinit>> (0x00000000de2478e0) thrown at [C:\workspace\8-2-build-windows-amd64-cygwin\jdk8u65\4987\hotspot\src\share\vm\prims\jni.cpp, line 1591]
Event: 19.508 Thread 0x0000000001e41000 Exception <a 'java/lang/NoSuchMethodError': <clinit>> (0x00000000de255518) thrown at [C:\workspace\8-2-build-windows-amd64-cygwin\jdk8u65\4987\hotspot\src\share\vm\prims\jni.cpp, line 1591]
Event: 19.509 Thread 0x0000000001e41000 Exception <a 'java/lang/NoSuchMethodError': <clinit>> (0x00000000de262a50) thrown at [C:\workspace\8-2-build-windows-amd64-cygwin\jdk8u65\4987\hotspot\src\share\vm\prims\jni.cpp, line 1591]
Event: 19.510 Thread 0x0000000001e41000 Exception <a 'java/lang/NoSuchMethodError': <clinit>> (0x00000000de289590) thrown at [C:\workspace\8-2-build-windows-amd64-cygwin\jdk8u65\4987\hotspot\src\share\vm\prims\jni.cpp, line 1591]
Event: 19.619 Thread 0x0000000001e41000 Exception <a 'java/lang/NoSuchMethodError': <clinit>> (0x00000000de762d10) thrown at [C:\workspace\8-2-build-windows-amd64-cygwin\jdk8u65\4987\hotspot\src\share\vm\prims\jni.cpp, line 1591]
Event: 21.131 Thread 0x0000000001e41000 Exception <a 'java/lang/reflect/InvocationTargetException'> (0x00000000e1fcff20) thrown at [C:\workspace\8-2-build-windows-amd64-cygwin\jdk8u65\4987\hotspot\src\share\vm\runtime\reflection.cpp, line 1092]
Event: 21.133 Thread 0x0000000001e41000 Exception <a 'java/lang/reflect/InvocationTargetException'> (0x00000000e1fdbd88) thrown at [C:\workspace\8-2-build-windows-amd64-cygwin\jdk8u65\4987\hotspot\src\share\vm\runtime\reflection.cpp, line 1092]
Event: 21.195 Thread 0x0000000001e41000 Exception <a 'java/lang/reflect/InvocationTargetException'> (0x00000000e238ebf0) thrown at [C:\workspace\8-2-build-windows-amd64-cygwin\jdk8u65\4987\hotspot\src\share\vm\runtime\reflection.cpp, line 1092]

Events (10 events):
Event: 22.973 loading class com/datastax/driver/core/ArrayBackedResultSet$1
Event: 22.973 loading class com/datastax/driver/core/ArrayBackedResultSet$1 done
Event: 22.974 loading class com/datastax/driver/core/Token
Event: 22.974 loading class com/datastax/driver/core/Token done
Event: 22.975 loading class com/datastax/driver/core/Token$M3PToken
Event: 22.975 loading class com/datastax/driver/core/Token$M3PToken done
Event: 22.976 loading class com/datastax/driver/core/Token$Factory
Event: 22.976 loading class com/datastax/driver/core/Token$Factory done
Event: 22.976 loading class com/datastax/driver/core/Token$M3PToken$M3PTokenFactory
Event: 22.976 loading class com/datastax/driver/core/Token$M3PToken$M3PTokenFactory done


Dynamic libraries:
0x000000013f830000 - 0x000000013f867000 	C:\Program Files\Java\jdk1.8.0_65\bin\javaw.exe
0x0000000077040000 - 0x00000000771ea000 	C:\WINDOWS\SYSTEM32\ntdll.dll
0x0000000076f20000 - 0x000000007703f000 	C:\WINDOWS\system32\kernel32.dll
0x000007fefcde0000 - 0x000007fefce4a000 	C:\WINDOWS\system32\KERNELBASE.dll
0x000007fefd400000 - 0x000007fefd4db000 	C:\WINDOWS\system32\ADVAPI32.dll
0x000007fefd360000 - 0x000007fefd3ff000 	C:\WINDOWS\system32\msvcrt.dll
0x000007fefdb80000 - 0x000007fefdb9f000 	C:\WINDOWS\SYSTEM32\sechost.dll
0x000007feff1c0000 - 0x000007feff2ed000 	C:\WINDOWS\system32\RPCRT4.dll
0x0000000076e20000 - 0x0000000076f1a000 	C:\WINDOWS\system32\USER32.dll
0x000007fefdba0000 - 0x000007fefdc07000 	C:\WINDOWS\system32\GDI32.dll
0x000007fefd6c0000 - 0x000007fefd6ce000 	C:\WINDOWS\system32\LPK.dll
0x000007fefd700000 - 0x000007fefd7ca000 	C:\WINDOWS\system32\USP10.dll
0x000007fefaff0000 - 0x000007fefb1e4000 	C:\WINDOWS\WinSxS\amd64_microsoft.windows.common-controls_6595b64144ccf1df_6.0.7601.18837_none_fa3b1e3d17594757\COMCTL32.dll
0x000007fefdd80000 - 0x000007fefddf1000 	C:\WINDOWS\system32\SHLWAPI.dll
0x000007fefdd50000 - 0x000007fefdd7e000 	C:\WINDOWS\system32\IMM32.DLL
0x000007fefeea0000 - 0x000007fefefa9000 	C:\WINDOWS\system32\MSCTF.dll
0x00000000789b0000 - 0x0000000078a82000 	C:\Program Files\Java\jdk1.8.0_65\jre\bin\msvcr100.dll
0x000000006f790000 - 0x0000000070019000 	C:\Program Files\Java\jdk1.8.0_65\jre\bin\server\jvm.dll
0x000007fef93b0000 - 0x000007fef93b9000 	C:\WINDOWS\system32\WSOCK32.dll
0x000007fefd310000 - 0x000007fefd35d000 	C:\WINDOWS\system32\WS2_32.dll
0x000007fefd6d0000 - 0x000007fefd6d8000 	C:\WINDOWS\system32\NSI.dll
0x000007fefab90000 - 0x000007fefabcb000 	C:\WINDOWS\system32\WINMM.dll
0x000007fefbea0000 - 0x000007fefbeac000 	C:\WINDOWS\system32\VERSION.dll
0x0000000077210000 - 0x0000000077217000 	C:\WINDOWS\system32\PSAPI.DLL
0x0000000073800000 - 0x000000007380f000 	C:\Program Files\Java\jdk1.8.0_65\jre\bin\verify.dll
0x000000006f450000 - 0x000000006f479000 	C:\Program Files\Java\jdk1.8.0_65\jre\bin\java.dll
0x000000006f380000 - 0x000000006f396000 	C:\Program Files\Java\jdk1.8.0_65\jre\bin\zip.dll
0x000007fefde00000 - 0x000007fefeb8a000 	C:\WINDOWS\system32\SHELL32.dll
0x000007fefefb0000 - 0x000007feff1b3000 	C:\WINDOWS\system32\ole32.dll
0x000007fefcdc0000 - 0x000007fefcdcf000 	C:\WINDOWS\system32\profapi.dll
0x000007fefc600000 - 0x000007fefc618000 	C:\WINDOWS\system32\CRYPTSP.dll
0x000007fefc300000 - 0x000007fefc347000 	C:\WINDOWS\system32\rsaenh.dll
0x000007fefd050000 - 0x000007fefd06e000 	C:\WINDOWS\system32\USERENV.dll
0x000007fefcc60000 - 0x000007fefcc6f000 	C:\WINDOWS\system32\CRYPTBASE.dll
0x000000006ed20000 - 0x000000006ed3a000 	C:\Program Files\Java\jdk1.8.0_65\jre\bin\net.dll
0x000007fefc5a0000 - 0x000007fefc5f5000 	C:\WINDOWS\system32\mswsock.dll
0x000007fefc590000 - 0x000007fefc597000 	C:\WINDOWS\System32\wship6.dll
0x000007fefa2f0000 - 0x000007fefa317000 	C:\WINDOWS\system32\IPHLPAPI.DLL
0x000007fefa2e0000 - 0x000007fefa2eb000 	C:\WINDOWS\system32\WINNSI.DLL
0x000007fefa0f0000 - 0x000007fefa108000 	C:\WINDOWS\system32\dhcpcsvc.DLL
0x000007fef9ff0000 - 0x000007fefa001000 	C:\WINDOWS\system32\dhcpcsvc6.DLL
0x000000006ea50000 - 0x000000006ea61000 	C:\Program Files\Java\jdk1.8.0_65\jre\bin\nio.dll
0x0000000072f50000 - 0x0000000072f5d000 	C:\Program Files\Java\jdk1.8.0_65\jre\bin\management.dll
0x000000006f440000 - 0x000000006f449000 	C:\Program Files\Java\jdk1.8.0_65\jre\bin\w2k_lsa_auth.dll
0x000007fefca00000 - 0x000007fefca0b000 	C:\WINDOWS\system32\Secur32.dll
0x000007fefcbd0000 - 0x000007fefcbf5000 	C:\WINDOWS\system32\SSPICLI.DLL
0x000000006f2a0000 - 0x000000006f2a9000 	C:\Program Files\Java\jdk1.8.0_65\jre\bin\jaas_nt.dll
0x000000006eb50000 - 0x000000006eb74000 	C:\Program Files\Java\jdk1.8.0_65\jre\bin\sunec.dll
0x000007fefb4b0000 - 0x000007fefb4c5000 	C:\WINDOWS\system32\NLAapi.dll
0x000007feefd20000 - 0x000007feefd35000 	C:\WINDOWS\system32\napinsp.dll
0x000007feefd00000 - 0x000007feefd19000 	C:\WINDOWS\system32\pnrpnsp.dll
0x000007fefc420000 - 0x000007fefc47b000 	C:\WINDOWS\system32\DNSAPI.dll
0x000007feefc60000 - 0x000007feefc6b000 	C:\WINDOWS\System32\winrnr.dll
0x000007fefbf70000 - 0x000007fefbf77000 	C:\WINDOWS\System32\wshtcpip.dll
0x000007fef67b0000 - 0x000007fef67b8000 	C:\WINDOWS\system32\rasadhlp.dll
0x000007fefa170000 - 0x000007fefa1c3000 	C:\WINDOWS\System32\fwpuclnt.dll
0x000007fefd000000 - 0x000007fefd03b000 	C:\WINDOWS\system32\WINTRUST.dll
0x000007fefce90000 - 0x000007fefcffd000 	C:\WINDOWS\system32\CRYPT32.dll
0x000007fefcdd0000 - 0x000007fefcddf000 	C:\WINDOWS\system32\MSASN1.dll
0x000007fefd6e0000 - 0x000007fefd6f9000 	C:\WINDOWS\system32\imagehlp.dll
0x000007fefcc00000 - 0x000007fefcc57000 	C:\WINDOWS\system32\apphelp.dll

VM Arguments:
jvm_args: -Dfile.encoding=UTF-8 -Xbootclasspath/p:C:\Users\mc41946\Desktop\Scala\eclipse\plugins\org.scala-lang.scala-library_2.11.7.v20150622-112736-1fbce4612c.jar;C:\Users\mc41946\Desktop\Scala\eclipse\plugins\org.scala-lang.scala-reflect_2.11.7.v20150622-112736-1fbce4612c.jar;C:\Users\mc41946\Desktop\Scala\eclipse\plugins\org.scala-lang.scala-actors_2.11.7.v20150622-112736-1fbce4612c.jar 
java_command: com.mcd.spark.kafka.SparkKafkaAllConsumer localhost:9092 SparkKafkaProducer
java_class_path (initial): C:\Asmath_DontDelete\SparkPoc\target\classes;C:\Asmath_DontDelete\SparkPoc\target\test-classes;C:\Users\mc41946\.m2\repository\org\apache\spark\spark-core_2.11\1.6.0\spark-core_2.11-1.6.0.jar;C:\Users\mc41946\.m2\repository\org\apache\avro\avro-mapred\1.7.7\avro-mapred-1.7.7-hadoop2.jar;C:\Users\mc41946\.m2\repository\org\apache\avro\avro-ipc\1.7.7\avro-ipc-1.7.7.jar;C:\Users\mc41946\.m2\repository\org\apache\avro\avro-ipc\1.7.7\avro-ipc-1.7.7-tests.jar;C:\Users\mc41946\.m2\repository\org\codehaus\jackson\jackson-core-asl\1.9.13\jackson-core-asl-1.9.13.jar;C:\Users\mc41946\.m2\repository\com\twitter\chill_2.11\0.5.0\chill_2.11-0.5.0.jar;C:\Users\mc41946\.m2\repository\com\esotericsoftware\kryo\kryo\2.21\kryo-2.21.jar;C:\Users\mc41946\.m2\repository\com\esotericsoftware\reflectasm\reflectasm\1.07\reflectasm-1.07-shaded.jar;C:\Users\mc41946\.m2\repository\com\esotericsoftware\minlog\minlog\1.2\minlog-1.2.jar;C:\Users\mc41946\.m2\repository\org\objenesis\objenesis\1.2\objenesis-1.2.jar;C:\Users\mc41946\.m2\repository\com\twitter\chill-java\0.5.0\chill-java-0.5.0.jar;C:\Users\mc41946\.m2\repository\org\apache\xbean\xbean-asm5-shaded\4.4\xbean-asm5-shaded-4.4.jar;C:\Users\mc41946\.m2\repository\org\apache\hadoop\hadoop-client\2.2.0\hadoop-client-2.2.0.jar;C:\Users\mc41946\.m2\repository\org\apache\hadoop\hadoop-common\2.2.0\hadoop-common-2.2.0.jar;C:\Users\mc41946\.m2\repository\org\apache\commons\commons-math\2.1\commons-math-2.1.jar;C:\Users\mc41946\.m2\repository\xmlenc\xmlenc\0.52\xmlenc-0.52.jar;C:\Users\mc41946\.m2\repository\commons-configuration\commons-configuration\1.6\commons-configuration-1.6.jar;C:\Users\mc41946\.m2\repository\commons-collections\commons-collections\3.2.1\commons-collections-3.2.1.jar;C:\Users\mc41946\.m2\repository\commons-digester\commons-digester\1.8\commons-digester-1.8.jar;C:\Users\mc41946\.m2\repository\commons-beanutils\commons-beanutils\1.7.0\commons-beanutils-1.7.0.jar;C:\Users\mc41946\.m2\repository\com
Launcher Type: SUN_STANDARD

Environment Variables:
JAVA_HOME=C:\Program Files\Java\jdk1.8.0_65
PATH=C:/Program Files/Java/jre1.8.0_91/bin/server;C:/Program Files/Java/jre1.8.0_91/bin;C:/Program Files/Java/jre1.8.0_91/lib/amd64;C:\ProgramData\Oracle\Java\javapath;C:\WINDOWS\system32;C:\WINDOWS;C:\WINDOWS\System32\Wbem;C:\WINDOWS\System32\WindowsPowerShell\v1.0\;C:\Program Files (x86)\scala\bin;C:\Program Files (x86)\sbt\\bin;C:\Program Files\Amazon\AWSCLI\;C:\Program Files (x86)\Skype\Phone\;C:\cygwin64\bin;C:\hadoop-2.7.2\bin;C:\zookeeper\bin;C:\kafka\bin;C:\Program Files\Java\jdk1.8.0_65\bin;%SPARK_HOME%\bin;%HADOOP_HOME%\bin;c:\Program Files (x86)\Microsoft SQL Server\110\Tools\Binn\ManagementStudio\;c:\Program Files (x86)\Microsoft SQL Server\110\Tools\Binn\;c:\Program Files\Microsoft SQL Server\110\Tools\Binn\;c:\Program Files (x86)\Microsoft SQL Server\110\DTS\Binn\;C:\netcat\nmap-6.01;C:\apache-maven-3.3.9\bin;C:\Users\mc41946\Desktop\Scala\eclipse;
USERNAME=mc41946
OS=Windows_NT
PROCESSOR_IDENTIFIER=Intel64 Family 6 Model 58 Stepping 9, GenuineIntel



---------------  S Y S T E M  ---------------

OS: Windows 7 , 64 bit Build 7601 (6.1.7601.23392)

CPU:total 4 (2 cores per cpu, 2 threads per core) family 6 model 58 stepping 9, cmov, cx8, fxsr, mmx, sse, sse2, sse3, ssse3, sse4.1, sse4.2, popcnt, avx, aes, clmul, erms, ht, tsc, tscinvbit, tscinv

Memory: 4k page, physical 8078120k(1023560k free), swap 15447212k(6476k free)

vm_info: Java HotSpot(TM) 64-Bit Server VM (25.65-b01) for windows-amd64 JRE (1.8.0_65-b17), built on Oct  6 2015 16:39:20 by "java_re" with MS VC++ 10.0 (VS2010)

time: Fri May 20 16:35:54 2016
elapsed time: 22 seconds (0d 0h 0m 22s)

